# JRE version: OpenJDK Runtime Environment (8.0_202-b03) (build 1.8.0_202-release-1483-b03)
# Java VM: OpenJDK 64-Bit Server VM (25.202-b03 mixed mode windows-amd64 compressed oops)
Heap:
 PSYoungGen      total 211456K, used 97569K [0x00000000e0000000, 0x00000000f0700000, 0x0000000100000000)
  eden space 173056K, 34% used [0x00000000e0000000,0x00000000e39cc000,0x00000000ea900000)
  from space 38400K, 99% used [0x00000000ee180000,0x00000000f06fc550,0x00000000f0700000)
  to   space 36352K, 0% used [0x00000000ea900000,0x00000000ea900000,0x00000000ecc80000)
 ParOldGen       total 131584K, used 81243K [0x00000000a0000000, 0x00000000a8080000, 0x00000000e0000000)
  object space 131584K, 61% used [0x00000000a0000000,0x00000000a4f56da0,0x00000000a8080000)
 Metaspace       used 90491K, capacity 97300K, committed 97368K, reserved 1134592K
  class space    used 11823K, capacity 12927K, committed 12928K, reserved 1048576K
GC Heap History (10 events):
Event: 10980.690 GC heap before
{Heap before GC invocations=29 (full 3):
 PSYoungGen      total 179712K, used 179696K [0x00000000e0000000, 0x00000000ed380000, 0x0000000100000000)
  eden space 161792K, 100% used [0x00000000e0000000,0x00000000e9e00000,0x00000000e9e00000)
  from space 17920K, 99% used [0x00000000e9e00000,0x00000000eaf7c120,0x00000000eaf80000)
  to   space 26624K, 0% used [0x00000000eb980000,0x00000000eb980000,0x00000000ed380000)
 ParOldGen       total 131584K, used 57303K [0x00000000a0000000, 0x00000000a8080000, 0x00000000e0000000)
  object space 131584K, 43% used [0x00000000a0000000,0x00000000a37f5c90,0x00000000a8080000)
 Metaspace       used 89790K, capacity 96414K, committed 96600K, reserved 1132544K
  class space    used 11795K, capacity 12892K, committed 12928K, reserved 1048576K
Event: 10980.716 GC heap after
Heap after GC invocations=29 (full 3):
 PSYoungGen      total 176640K, used 16796K [0x00000000e0000000, 0x00000000ecc80000, 0x0000000100000000)
  eden space 157184K, 0% used [0x00000000e0000000,0x00000000e0000000,0x00000000e9980000)
  from space 19456K, 86% used [0x00000000eb980000,0x00000000ec9e7118,0x00000000ecc80000)
  to   space 26112K, 0% used [0x00000000e9980000,0x00000000e9980000,0x00000000eb300000)
 ParOldGen       total 131584K, used 57407K [0x00000000a0000000, 0x00000000a8080000, 0x00000000e0000000)
  object space 131584K, 43% used [0x00000000a0000000,0x00000000a380fc90,0x00000000a8080000)
 Metaspace       used 89790K, capacity 96414K, committed 96600K, reserved 1132544K
  class space    used 11795K, capacity 12892K, committed 12928K, reserved 1048576K
}
Event: 10981.952 GC heap before
{Heap before GC invocations=30 (full 3):
 PSYoungGen      total 176640K, used 173980K [0x00000000e0000000, 0x00000000ecc80000, 0x0000000100000000)
  eden space 157184K, 100% used [0x00000000e0000000,0x00000000e9980000,0x00000000e9980000)
  from space 19456K, 86% used [0x00000000eb980000,0x00000000ec9e7118,0x00000000ecc80000)
  to   space 26112K, 0% used [0x00000000e9980000,0x00000000e9980000,0x00000000eb300000)
 ParOldGen       total 131584K, used 57407K [0x00000000a0000000, 0x00000000a8080000, 0x00000000e0000000)
  object space 131584K, 43% used [0x00000000a0000000,0x00000000a380fc90,0x00000000a8080000)
 Metaspace       used 89968K, capacity 96632K, committed 96856K, reserved 1132544K
  class space    used 11797K, capacity 12893K, committed 12928K, reserved 1048576K
Event: 10982.045 GC heap after
Heap after GC invocations=30 (full 3):
 PSYoungGen      total 183296K, used 26097K [0x00000000e0000000, 0x00000000ef300000, 0x0000000100000000)
  eden space 157184K, 0% used [0x00000000e0000000,0x00000000e0000000,0x00000000e9980000)
  from space 26112K, 99% used [0x00000000e9980000,0x00000000eb2fc610,0x00000000eb300000)
  to   space 36352K, 0% used [0x00000000ecf80000,0x00000000ecf80000,0x00000000ef300000)
 ParOldGen       total 131584K, used 76157K [0x00000000a0000000, 0x00000000a8080000, 0x00000000e0000000)
  object space 131584K, 57% used [0x00000000a0000000,0x00000000a4a5f440,0x00000000a8080000)
 Metaspace       used 89968K, capacity 96632K, committed 96856K, reserved 1132544K
  class space    used 11797K, capacity 12893K, committed 12928K, reserved 1048576K
}
Event: 11090.462 GC heap before
{Heap before GC invocations=31 (full 3):
 PSYoungGen      total 183296K, used 183281K [0x00000000e0000000, 0x00000000ef300000, 0x0000000100000000)
  eden space 157184K, 100% used [0x00000000e0000000,0x00000000e9980000,0x00000000e9980000)
  from space 26112K, 99% used [0x00000000e9980000,0x00000000eb2fc610,0x00000000eb300000)
  to   space 36352K, 0% used [0x00000000ecf80000,0x00000000ecf80000,0x00000000ef300000)
 ParOldGen       total 131584K, used 76157K [0x00000000a0000000, 0x00000000a8080000, 0x00000000e0000000)
  object space 131584K, 57% used [0x00000000a0000000,0x00000000a4a5f440,0x00000000a8080000)
 Metaspace       used 90132K, capacity 96870K, committed 97112K, reserved 1134592K
  class space    used 11810K, capacity 12912K, committed 12928K, reserved 1048576K
Event: 11090.502 GC heap after
Heap after GC invocations=31 (full 3):
 PSYoungGen      total 206336K, used 21749K [0x00000000e0000000, 0x00000000ef000000, 0x0000000100000000)
  eden space 173056K, 0% used [0x00000000e0000000,0x00000000e0000000,0x00000000ea900000)
  from space 33280K, 65% used [0x00000000ecf80000,0x00000000ee4bd700,0x00000000ef000000)
  to   space 36352K, 0% used [0x00000000ea900000,0x00000000ea900000,0x00000000ecc80000)
 ParOldGen       total 131584K, used 76253K [0x00000000a0000000, 0x00000000a8080000, 0x00000000e0000000)
  object space 131584K, 57% used [0x00000000a0000000,0x00000000a4a77440,0x00000000a8080000)
 Metaspace       used 90132K, capacity 96870K, committed 97112K, reserved 1134592K
  class space    used 11810K, capacity 12912K, committed 12928K, reserved 1048576K
}
Event: 11091.681 GC heap before
{Heap before GC invocations=32 (full 3):
 PSYoungGen      total 206336K, used 193957K [0x00000000e0000000, 0x00000000ef000000, 0x0000000100000000)
  eden space 173056K, 99% used [0x00000000e0000000,0x00000000ea82bdf0,0x00000000ea900000)
  from space 33280K, 65% used [0x00000000ecf80000,0x00000000ee4bd700,0x00000000ef000000)
  to   space 36352K, 0% used [0x00000000ea900000,0x00000000ea900000,0x00000000ecc80000)
 ParOldGen       total 131584K, used 76253K [0x00000000a0000000, 0x00000000a8080000, 0x00000000e0000000)
  object space 131584K, 57% used [0x00000000a0000000,0x00000000a4a77440,0x00000000a8080000)
 Metaspace       used 90297K, capacity 97060K, committed 97112K, reserved 1134592K
  class space    used 11817K, capacity 12921K, committed 12928K, reserved 1048576K
Event: 11091.722 GC heap after
Heap after GC invocations=32 (full 3):
 PSYoungGen      total 209408K, used 27763K [0x00000000e0000000, 0x00000000f0700000, 0x0000000100000000)
  eden space 173056K, 0% used [0x00000000e0000000,0x00000000e0000000,0x00000000ea900000)
  from space 36352K, 76% used [0x00000000ea900000,0x00000000ec41ce38,0x00000000ecc80000)
  to   space 38400K, 0% used [0x00000000ee180000,0x00000000ee180000,0x00000000f0700000)
 ParOldGen       total 131584K, used 76261K [0x00000000a0000000, 0x00000000a8080000, 0x00000000e0000000)
  object space 131584K, 57% used [0x00000000a0000000,0x00000000a4a79440,0x00000000a8080000)
 Metaspace       used 90297K, capacity 97060K, committed 97112K, reserved 1134592K
  class space    used 11817K, capacity 12921K, committed 12928K, reserved 1048576K
}
Event: 11346.986 GC heap before
{Heap before GC invocations=33 (full 3):
 PSYoungGen      total 209408K, used 200819K [0x00000000e0000000, 0x00000000f0700000, 0x0000000100000000)
  eden space 173056K, 100% used [0x00000000e0000000,0x00000000ea900000,0x00000000ea900000)
  from space 36352K, 76% used [0x00000000ea900000,0x00000000ec41ce38,0x00000000ecc80000)
  to   space 38400K, 0% used [0x00000000ee180000,0x00000000ee180000,0x00000000f0700000)
 ParOldGen       total 131584K, used 76261K [0x00000000a0000000, 0x00000000a8080000, 0x00000000e0000000)
  object space 131584K, 57% used [0x00000000a0000000,0x00000000a4a79440,0x00000000a8080000)
 Metaspace       used 90459K, capacity 97236K, committed 97368K, reserved 1134592K
  class space    used 11821K, capacity 12927K, committed 12928K, reserved 1048576K
Event: 11347.061 GC heap after
Heap after GC invocations=33 (full 3):
 PSYoungGen      total 211456K, used 38385K [0x00000000e0000000, 0x00000000f0700000, 0x0000000100000000)
  eden space 173056K, 0% used [0x00000000e0000000,0x00000000e0000000,0x00000000ea900000)
  from space 38400K, 99% used [0x00000000ee180000,0x00000000f06fc550,0x00000000f0700000)
  to   space 36352K, 0% used [0x00000000ea900000,0x00000000ea900000,0x00000000ecc80000)
 ParOldGen       total 131584K, used 81243K [0x00000000a0000000, 0x00000000a8080000, 0x00000000e0000000)
  object space 131584K, 61% used [0x00000000a0000000,0x00000000a4f56da0,0x00000000a8080000)
 Metaspace       used 90459K, capacity 97236K, committed 97368K, reserved 1134592K
  class space    used 11821K, capacity 12927K, committed 12928K, reserved 1048576K
}

